<?xml version="1.0" encoding="UTF-8"?>
<testsuite xmlns:xsi="http://www.w3.org/2001/XMLSchema-instance" xsi:noNamespaceSchemaLocation="https://maven.apache.org/surefire/maven-surefire-plugin/xsd/surefire-test-report.xsd" version="3.0.2" name="com.example.ProGra.ProGraApplicationTests" time="19.037" tests="1" errors="0" skipped="0" failures="0">
  <properties>
[...]
</properties>
  <testcase name="contextLoads" classname="com.example.ProGra.ProGraApplicationTests" time="4.704">
    <system-out><![CDATA[02:33:03.218 [main] INFO org.springframework.test.context.support.AnnotationConfigContextLoaderUtils -- Could not detect default configuration classes for test class [com.example.ProGra.ProGraApplicationTests]: ProGraApplicationTests does not declare any static, non-private, non-final, nested classes annotated with @Configuration.
02:33:03.790 [main] INFO org.springframework.boot.test.context.SpringBootTestContextBootstrapper -- Found @SpringBootConfiguration com.example.ProGra.ProGraApplication for test class com.example.ProGra.ProGraApplicationTests

  .   ____          _            __ _ _
 /\\ / ___'_ __ _ _(_)_ __  __ _ \ \ \ \
( ( )\___ | '_ | '_| | '_ \/ _` | \ \ \ \
 \\/  ___)| |_)| | | | | || (_| |  ) ) ) )
  '  |____| .__|_| |_|_| |_\__, | / / / /
 =========|_|==============|___/=/_/_/_/

 :: Spring Boot ::                (v3.4.4)

2025-04-02T02:33:05.918+07:00  INFO 15868 --- [ProGra] [           main] c.example.ProGra.ProGraApplicationTests  : Starting ProGraApplicationTests using Java 21.0.6 with PID 15868 (started by hocsi in C:\Users\hocsi\Downloads\ProGra\ProGra)
2025-04-02T02:33:05.923+07:00  INFO 15868 --- [ProGra] [           main] c.example.ProGra.ProGraApplicationTests  : No active profile set, falling back to 1 default profile: "default"
2025-04-02T02:33:15.471+07:00  INFO 15868 --- [ProGra] [           main] o.s.b.a.e.web.EndpointLinksResolver      : Exposing 14 endpoints beneath base path '/actuator'
2025-04-02T02:33:15.919+07:00  INFO 15868 --- [ProGra] [           main] c.example.ProGra.ProGraApplicationTests  : Started ProGraApplicationTests in 11.281 seconds (process running for 15.976)
]]></system-out>
    <system-err><![CDATA[Mockito is currently self-attaching to enable the inline-mock-maker. This will no longer work in future releases of the JDK. Please add Mockito as an agent to your build what is described in Mockito's documentation: https://javadoc.io/doc/org.mockito/mockito-core/latest/org/mockito/Mockito.html#0.3
WARNING: A Java agent has been loaded dynamically (C:\Users\hocsi\.m2\repository\net\bytebuddy\byte-buddy-agent\1.15.11\byte-buddy-agent-1.15.11.jar)
WARNING: If a serviceability tool is in use, please run with -XX:+EnableDynamicAgentLoading to hide this warning
WARNING: If a serviceability tool is not in use, please run with -Djdk.instrument.traceUsage for more information
WARNING: Dynamic loading of agents will be disallowed by default in a future release
]]></system-err>
  </testcase>
</testsuite>